<?xml version="1.0" encoding="UTF-8"?>
<!-- Generated by org.testng.reporters.JUnitReportReporter -->
<testsuite hostname="ZSCHN01LP0380" failures="0" tests="1" name="com.MavenTest.Basic" time="3.753" errors="0" timestamp="2023-01-16T15:35:03 IST" skipped="0">
  <testcase classname="com.MavenTest.Basic" name="google" time="3.753"/>
  <system-out/>
</testsuite> <!-- com.MavenTest.Basic -->
